/*C1*/SET SCHEMA PUBLIC
CONNECT USER SA
DISCONNECT
/*C2*/SET SCHEMA PUBLIC
CONNECT USER SA
drop table content_type if exists
create table content_type (id bigint generated by default as identity (start with 1), version bigint not null, name varchar(255) not null, site_id bigint not null, ws_id varchar(255), primary key (id))
alter table content_type add constraint FK3194F740D9F59069 foreign key (site_id) references site
alter table content_type drop constraint FK3194F740D9F59069
drop table content_type if exists
DISCONNECT
/*C3*/SET SCHEMA PUBLIC
CONNECT USER SA
DISCONNECT
/*C4*/SET SCHEMA PUBLIC
CONNECT USER SA
drop table content_type if exists
create table content_type (id bigint generated by default as identity (start with 1), version bigint not null, name varchar(255) not null, site_id bigint not null, ws_id varchar(255), primary key (id))
alter table content_type add constraint FK3194F740D9F59069 foreign key (site_id) references site
SET AUTOCOMMIT FALSE
SET AUTOCOMMIT TRUE
SET AUTOCOMMIT FALSE
SET AUTOCOMMIT TRUE
SET AUTOCOMMIT FALSE
SET AUTOCOMMIT TRUE
SET AUTOCOMMIT FALSE
SET AUTOCOMMIT TRUE
SET AUTOCOMMIT FALSE
SET AUTOCOMMIT TRUE
SET AUTOCOMMIT FALSE
SET AUTOCOMMIT TRUE
SET AUTOCOMMIT FALSE
SET AUTOCOMMIT TRUE
SET AUTOCOMMIT FALSE
SET AUTOCOMMIT TRUE
SET AUTOCOMMIT FALSE
SET AUTOCOMMIT TRUE
SET AUTOCOMMIT FALSE
SET AUTOCOMMIT TRUE
SET AUTOCOMMIT FALSE
SET AUTOCOMMIT TRUE
SET AUTOCOMMIT FALSE
SET AUTOCOMMIT TRUE
SET AUTOCOMMIT FALSE
SET AUTOCOMMIT TRUE
SET AUTOCOMMIT FALSE
SET AUTOCOMMIT TRUE
SET AUTOCOMMIT FALSE
SET AUTOCOMMIT TRUE
SET AUTOCOMMIT FALSE
SET AUTOCOMMIT TRUE
SET AUTOCOMMIT FALSE
SET AUTOCOMMIT TRUE
SET AUTOCOMMIT FALSE
SET AUTOCOMMIT TRUE
SET AUTOCOMMIT FALSE
SET AUTOCOMMIT TRUE
SET AUTOCOMMIT FALSE
SET AUTOCOMMIT TRUE
SET AUTOCOMMIT FALSE
SET AUTOCOMMIT TRUE
SET AUTOCOMMIT FALSE
SET AUTOCOMMIT TRUE
SET AUTOCOMMIT FALSE
SET AUTOCOMMIT TRUE
SET AUTOCOMMIT FALSE
SET AUTOCOMMIT TRUE
SET AUTOCOMMIT FALSE
SET AUTOCOMMIT TRUE
SET AUTOCOMMIT FALSE
SET AUTOCOMMIT TRUE
SET AUTOCOMMIT FALSE
SET AUTOCOMMIT TRUE
SET AUTOCOMMIT FALSE
SET AUTOCOMMIT TRUE
SET AUTOCOMMIT FALSE
SET AUTOCOMMIT TRUE
SET AUTOCOMMIT FALSE
SET AUTOCOMMIT TRUE
SET AUTOCOMMIT FALSE
SET AUTOCOMMIT TRUE
SET AUTOCOMMIT FALSE
SET AUTOCOMMIT TRUE
SET AUTOCOMMIT FALSE
SET AUTOCOMMIT TRUE
SET AUTOCOMMIT FALSE
SET AUTOCOMMIT TRUE
SET AUTOCOMMIT FALSE
SET AUTOCOMMIT TRUE
SET AUTOCOMMIT FALSE
SET AUTOCOMMIT TRUE
SET AUTOCOMMIT FALSE
SET AUTOCOMMIT TRUE
SET AUTOCOMMIT FALSE
SET AUTOCOMMIT TRUE
SET AUTOCOMMIT FALSE
SET AUTOCOMMIT TRUE
SET AUTOCOMMIT FALSE
SET AUTOCOMMIT TRUE
SET AUTOCOMMIT FALSE
SET AUTOCOMMIT TRUE
SET AUTOCOMMIT FALSE
SET AUTOCOMMIT TRUE
SET AUTOCOMMIT FALSE
SET AUTOCOMMIT TRUE
SET AUTOCOMMIT FALSE
SET AUTOCOMMIT TRUE
SET AUTOCOMMIT FALSE
SET AUTOCOMMIT TRUE
INSERT INTO SITE VALUES(2,0,'test6','d41a7d650a00016b01e5e3236714f78c')
INSERT INTO CONTENT_TYPE VALUES(1,0,'Standard',2,NULL)
INSERT INTO CONTENT_TYPE VALUES(2,0,'Homepage',2,NULL)
